<?xml version="1.0" encoding="UTF-8"?>
<!-- Generated by org.testng.reporters.JUnitReportReporter -->
<testsuite hostname="Nirajs-MacBook-Air.local" failures="0" tests="4" name="TestCases.FirstPage" time="55.170" errors="0" timestamp="2024-04-16T01:51:23 IST" skipped="2">
  <testcase classname="TestCases.FirstPage" name="LoginPage" time="34.921"/>
  <testcase classname="TestCases.FirstPage" name="GoToProductPage" time="20.249"/>
  <testcase classname="TestCases.FirstPage" name="FactorySetup">
    <skipped/>
  </testcase> <!-- FactorySetup -->
  <testcase classname="TestCases.FirstPage" name="LoginCredentials">
    <skipped/>
  </testcase> <!-- LoginCredentials -->
</testsuite> <!-- TestCases.FirstPage -->
