<?xml version="1.0" encoding="UTF-8"?>
<!-- Generated by org.testng.reporters.JUnitReportReporter -->
<testsuite hostname="Nirajs-MacBook-Air.local" failures="0" tests="4" name="TestCases.FirstPage" time="54.554" errors="0" timestamp="2024-04-16T17:49:06 IST" skipped="2">
  <testcase classname="TestCases.FirstPage" name="LoginPage" time="33.832"/>
  <testcase classname="TestCases.FirstPage" name="GoToProductPage" time="20.722"/>
  <testcase classname="TestCases.FirstPage" name="LoginCredentials">
    <skipped/>
  </testcase> <!-- LoginCredentials -->
  <testcase classname="TestCases.FirstPage" name="FactorySetup">
    <skipped/>
  </testcase> <!-- FactorySetup -->
</testsuite> <!-- TestCases.FirstPage -->
